<?xml version="1.0" encoding="UTF-8"?>
<!-- Generated by org.testng.reporters.JUnitXMLReporter -->
<testsuite ignored="0" hostname="Sumeet" failures="0" tests="6" name="chrome" time="52.107" errors="0" timestamp="2022-03-18T19:11:15 IST">
  <testcase classname="test.pak.TestNG" name="testA" time="3.056"/>
  <testcase classname="test.pak.TestNG" name="testB" time="2.225"/>
  <testcase classname="test.pak.TestNG" name="testC" time="1.422"/>
  <testcase classname="test.pak.TestNG" name="testD" time="1.695"/>
  <testcase classname="test.pak.TestNG" name="testE" time="1.75"/>
  <testcase classname="test.pak.TestNG" name="testF" time="1.474"/>
</testsuite> <!-- chrome -->
