<?xml version="1.0" encoding="UTF-8"?>
<!-- Generated by org.testng.reporters.JUnitXMLReporter -->
<testsuite ignored="0" hostname="Sumeet" failures="0" tests="6" name="firefox" time="53.458" errors="0" timestamp="2022-03-18T19:05:43 IST">
  <testcase classname="test.pak.TestNG" name="testA" time="2.809"/>
  <testcase classname="test.pak.TestNG" name="testB" time="1.809"/>
  <testcase classname="test.pak.TestNG" name="testC" time="1.433"/>
  <testcase classname="test.pak.TestNG" name="testD" time="1.519"/>
  <testcase classname="test.pak.TestNG" name="testE" time="1.727"/>
  <testcase classname="test.pak.TestNG" name="testF" time="1.608"/>
</testsuite> <!-- firefox -->
