<?xml version="1.0" encoding="UTF-8"?>
<!-- Generated by org.testng.reporters.JUnitXMLReporter -->
<testsuite ignored="0" hostname="Sumeet" failures="0" tests="6" name="Test" time="0.122" errors="0" timestamp="2022-03-03T17:17:49 IST">
  <testcase classname="test.pak.TestNG" name="@BeforeTest Lauchbrowser" time="-1.64630806883E9">
    <failure type="org.testng.TestNGException" message="
Parameter &amp;apos;browser&amp;apos; is required by BeforeTest on method Lauchbrowser but has not been marked @Optional or defined
in C:\Users\satya\eclipse-workspace\practice_Project\KIte\testng.xml">
      <![CDATA[org.testng.TestNGException: 
Parameter 'browser' is required by BeforeTest on method Lauchbrowser but has not been marked @Optional or defined
in C:\Users\satya\eclipse-workspace\practice_Project\KIte\testng.xml
... Removed 21 stack frames]]>
    </failure>
  </testcase> <!-- @BeforeTest Lauchbrowser -->
  <testcase classname="test.pak.TestNG" name="@BeforeClass beforeclassmethod" time="-1.646308068861E9">
    <skipped/>
  </testcase> <!-- @BeforeClass beforeclassmethod -->
  <testcase classname="test.pak.TestNG" name="@BeforeMethod beforemethod" time="-1.646308068885E9">
    <skipped/>
  </testcase> <!-- @BeforeMethod beforemethod -->
  <testcase classname="test.pak.TestNG" name="@AfterMethod aftermethod" time="-1.646308068897E9">
    <skipped/>
  </testcase> <!-- @AfterMethod aftermethod -->
  <testcase classname="test.pak.TestNG" name="@BeforeMethod beforemethod" time="-1.646308068901E9">
    <skipped/>
  </testcase> <!-- @BeforeMethod beforemethod -->
  <testcase classname="test.pak.TestNG" name="@AfterMethod aftermethod" time="-1.646308068907E9">
    <skipped/>
  </testcase> <!-- @AfterMethod aftermethod -->
  <testcase classname="test.pak.TestNG" name="@BeforeMethod beforemethod" time="-1.646308068909E9">
    <skipped/>
  </testcase> <!-- @BeforeMethod beforemethod -->
  <testcase classname="test.pak.TestNG" name="@AfterMethod aftermethod" time="-1.646308068914E9">
    <skipped/>
  </testcase> <!-- @AfterMethod aftermethod -->
  <testcase classname="test.pak.TestNG" name="@BeforeMethod beforemethod" time="-1.646308068918E9">
    <skipped/>
  </testcase> <!-- @BeforeMethod beforemethod -->
  <testcase classname="test.pak.TestNG" name="@AfterMethod aftermethod" time="-1.646308068924E9">
    <skipped/>
  </testcase> <!-- @AfterMethod aftermethod -->
  <testcase classname="test.pak.TestNG" name="@BeforeMethod beforemethod" time="-1.646308068928E9">
    <skipped/>
  </testcase> <!-- @BeforeMethod beforemethod -->
  <testcase classname="test.pak.TestNG" name="@AfterMethod aftermethod" time="-1.646308068932E9">
    <skipped/>
  </testcase> <!-- @AfterMethod aftermethod -->
  <testcase classname="test.pak.TestNG" name="@BeforeMethod beforemethod" time="-1.646308068934E9">
    <skipped/>
  </testcase> <!-- @BeforeMethod beforemethod -->
  <testcase classname="test.pak.TestNG" name="@AfterMethod aftermethod" time="-1.646308068939E9">
    <skipped/>
  </testcase> <!-- @AfterMethod aftermethod -->
  <testcase classname="test.pak.TestNG" name="@AfterClass afterclassmethod" time="-1.646308068941E9">
    <skipped/>
  </testcase> <!-- @AfterClass afterclassmethod -->
  <testcase classname="test.pak.TestNG" name="testA" time="0.0">
    <skipped/>
  </testcase> <!-- testA -->
  <testcase classname="test.pak.TestNG" name="testB" time="0.0">
    <skipped/>
  </testcase> <!-- testB -->
  <testcase classname="test.pak.TestNG" name="testC" time="0.0">
    <skipped/>
  </testcase> <!-- testC -->
  <testcase classname="test.pak.TestNG" name="testD" time="0.0">
    <skipped/>
  </testcase> <!-- testD -->
  <testcase classname="test.pak.TestNG" name="testE" time="0.0">
    <skipped/>
  </testcase> <!-- testE -->
  <testcase classname="test.pak.TestNG" name="testF" time="0.0">
    <skipped/>
  </testcase> <!-- testF -->
</testsuite> <!-- Test -->
